2023-02-08 16:08:15:815 [35mhttp[39m: [35m::1 GET / 200 12 - 8.375 ms[39m
[35m[39m
2023-02-08 16:08:15:815 [35mhttp[39m: [35m::1 GET /favicon.ico 404 150 - 5.208 ms[39m
[35m[39m
2023-02-08 16:08:28:828 [35mhttp[39m: [35m::1 GET /hahah 404 144 - 2.300 ms[39m
[35m[39m
2023-02-08 16:23:35:2335 [35mhttp[39m: [35m::1 GET /hahah 404 144 - 3.939 ms[39m
[35m[39m
2023-02-08 16:23:43:2343 [35mhttp[39m: [35m::1 GET / 304 - - 8.550 ms[39m
[35m[39m
2023-02-09 21:57:38:5738 [35mhttp[39m: [35m::ffff:127.0.0.1 POST /api/auth/register 500 1556 - 178.589 ms[39m
[35m[39m
2023-02-09 21:58:31:5831 [35mhttp[39m: [35m::ffff:127.0.0.1 POST /api/auth/register 500 1556 - 88.740 ms[39m
[35m[39m
2023-02-09 22:03:41:341 [35mhttp[39m: [35m::ffff:127.0.0.1 POST /api/auth/register 500 423 - 169.635 ms[39m
[35m[39m
2023-02-09 22:12:52:1252 [35mhttp[39m: [35m::ffff:127.0.0.1 POST /api/auth/register 500 406 - 7.295 ms[39m
[35m[39m
2023-02-09 22:15:28:1528 [35mhttp[39m: [35m::ffff:127.0.0.1 POST /api/auth/register 500 945 - 600.966 ms[39m
[35m[39m
2023-02-09 22:18:12:1812 [35mhttp[39m: [35m::ffff:127.0.0.1 POST /api/auth/register 201 197 - 571.356 ms[39m
[35m[39m
2023-02-11 09:05:23:523 [35mhttp[39m: [35m::ffff:127.0.0.1 GET / 200 12 - 9.216 ms[39m
[35m[39m
2023-02-11 09:06:56:656 [35mhttp[39m: [35m[development] ::ffff:127.0.0.1 GET / 200 12 - 3.594 ms[39m
[35m[39m
2023-02-11 09:07:40:740 [35mhttp[39m: [35m::ffff:127.0.0.1 GET / 200 12 - 10.712 ms[39m
[35m[39m
2023-02-11 09:55:12:5512 [35mhttp[39m: [35m::ffff:127.0.0.1 POST /api/auth/login 401 29 - 398.294 ms[39m
[35m[39m
2023-02-11 09:55:21:5521 [35mhttp[39m: [35m::ffff:127.0.0.1 POST /api/auth/login 200 427 - 93.332 ms[39m
[35m[39m
2023-02-11 09:56:33:5633 [35mhttp[39m: [35m::ffff:127.0.0.1 POST /api/auth/login 200 243 - 498.084 ms[39m
[35m[39m
2023-02-11 09:56:45:5645 [35mhttp[39m: [35m::ffff:127.0.0.1 POST /api/auth/login 200 243 - 93.194 ms[39m
[35m[39m
2023-02-12 08:05:36:536 [35mhttp[39m: [35m::ffff:127.0.0.1 POST /api/v1/banner/create 201 185 - 1602.189 ms[39m
[35m[39m
2023-02-12 08:06:53:653 [35mhttp[39m: [35m::1 GET /api/v1/banner/all 200 187 - 852.524 ms[39m
[35m[39m
2023-02-12 08:06:53:653 [35mhttp[39m: [35m::1 GET /favicon.ico 404 150 - 4.234 ms[39m
[35m[39m
2023-02-12 08:07:13:713 [35mhttp[39m: [35m::ffff:127.0.0.1 POST /api/v1/banner/create 201 185 - 273.946 ms[39m
[35m[39m
2023-02-12 08:13:06:136 [35mhttp[39m: [35m::1 GET /api/v1/banner/all 200 458 - 1414.303 ms[39m
[35m[39m
2023-02-12 08:13:49:1349 [35mhttp[39m: [35m::1 GET /api/v1/ 404 146 - 4.591 ms[39m
[35m[39m
2023-02-12 08:14:03:143 [35mhttp[39m: [35m::ffff:127.0.0.1 GET / 200 29 - 1.974 ms[39m
[35m[39m
2023-02-12 08:30:40:3040 [35mhttp[39m: [35m::1 GET /api/v1/customer/all 200 253 - 628.211 ms[39m
[35m[39m
2023-02-12 08:30:55:3055 [35mhttp[39m: [35m::ffff:127.0.0.1 GET /api/v1/banner/all 304 - - 34.588 ms[39m
[35m[39m
2023-02-12 08:31:27:3127 [35mhttp[39m: [35m::ffff:127.0.0.1 GET /api/v1/customer/all 304 - - 30.940 ms[39m
[35m[39m
2023-02-12 11:48:38:4838 [35mhttp[39m: [35m::ffff:127.0.0.1 GET /api/v1/upload 404 152 - 2.907 ms[39m
[35m[39m
2023-02-12 11:48:46:4846 [35mhttp[39m: [35m::ffff:127.0.0.1 POST /api/v1/upload 404 153 - 2.049 ms[39m
[35m[39m
2023-02-12 11:49:20:4920 [35mhttp[39m: [35m::ffff:127.0.0.1 POST /api/v1/upload/image 500 1335 - 5.904 ms[39m
[35m[39m
2023-02-12 11:50:22:5022 [35mhttp[39m: [35m::ffff:127.0.0.1 POST /api/v1/upload/image 200 40 - 7.483 ms[39m
[35m[39m
2023-02-12 11:55:58:5558 [35mhttp[39m: [35m::ffff:127.0.0.1 POST /api/v1/upload/image 200 40 - 7.563 ms[39m
[35m[39m
2023-02-12 11:56:45:5645 [35mhttp[39m: [35m::ffff:127.0.0.1 POST /api/v1/upload/image 200 40 - 7.384 ms[39m
[35m[39m
2023-02-12 11:58:53:5853 [35mhttp[39m: [35m::ffff:127.0.0.1 POST /api/v1/upload/image 200 58 - 7.347 ms[39m
[35m[39m
2023-02-12 20:03:14:314 [35mhttp[39m: [35m::ffff:127.0.0.1 POST /api/v1/upload/image 200 59 - 37.462 ms[39m
[35m[39m
2023-02-12 20:04:39:439 [35mhttp[39m: [35m::ffff:127.0.0.1 POST /api/v1/upload/image 200 59 - 47.279 ms[39m
[35m[39m
2023-02-13 09:35:48:3548 [35mhttp[39m: [35m::ffff:127.0.0.1 POST /api/v1/upload/image 200 59 - 15.944 ms[39m
[35m[39m
2023-02-13 09:36:23:3623 [35mhttp[39m: [35m::1 GET / 200 29 - 2.598 ms[39m
[35m[39m
2023-02-13 09:36:23:3623 [35mhttp[39m: [35m::1 GET /favicon.ico 404 150 - 4.423 ms[39m
[35m[39m
2023-02-13 09:36:28:3628 [35mhttp[39m: [35m::1 GET /uploads 404 146 - 1.087 ms[39m
[35m[39m
2023-02-13 09:36:59:3659 [35mhttp[39m: [35m::1 GET /uploads/saya.jpg 404 155 - 0.786 ms[39m
[35m[39m
2023-02-13 09:38:28:3828 [35mhttp[39m: [35m::1 GET /api/v1/uploads/saya.jpg 404 162 - 4.902 ms[39m
[35m[39m
2023-02-13 09:40:11:4011 [35mhttp[39m: [35m::1 GET /api/v1/uploads/saya.jpg 404 162 - 5.869 ms[39m
[35m[39m
2023-02-13 09:40:14:4014 [35mhttp[39m: [35m::1 GET /uploads/saya.jpg 404 155 - 2.157 ms[39m
[35m[39m
2023-02-13 09:40:18:4018 [35mhttp[39m: [35m::1 GET /uploads/ 404 147 - 1.866 ms[39m
[35m[39m
2023-02-13 09:41:17:4117 [35mhttp[39m: [35m::1 GET /api/v1/uploaded/ 404 155 - 6.082 ms[39m
[35m[39m
2023-02-13 09:41:22:4122 [35mhttp[39m: [35m::1 GET /api/v1/uploaded/saya.jpg 404 163 - 2.967 ms[39m
[35m[39m
2023-02-13 09:42:52:4252 [35mhttp[39m: [35m::1 GET /api/v1/uploaded/saya.jpg 404 163 - 5.525 ms[39m
[35m[39m
2023-02-13 09:42:52:4252 [35mhttp[39m: [35m::1 GET /api/v1/uploaded/saya.jpg 404 163 - 3.369 ms[39m
[35m[39m
2023-02-13 09:42:52:4252 [35mhttp[39m: [35m::1 GET /api/v1/uploaded/saya.jpg 404 163 - 0.842 ms[39m
[35m[39m
2023-02-13 09:42:53:4253 [35mhttp[39m: [35m::1 GET /api/v1/uploaded/saya.jpg 404 163 - 1.198 ms[39m
[35m[39m
2023-02-13 09:42:53:4253 [35mhttp[39m: [35m::1 GET /api/v1/uploaded/saya.jpg 404 163 - 0.969 ms[39m
[35m[39m
2023-02-13 09:42:53:4253 [35mhttp[39m: [35m::1 GET /api/v1/uploaded/saya.jpg 404 163 - 0.648 ms[39m
[35m[39m
2023-02-13 09:43:19:4319 [35mhttp[39m: [35m::1 GET /api/v1/uploads/saya.jpg 404 162 - 3.759 ms[39m
[35m[39m
2023-02-13 09:43:22:4322 [35mhttp[39m: [35m::1 GET /api/v1/uploads/saya.jpg 404 162 - 1.871 ms[39m
[35m[39m
2023-02-13 09:43:30:4330 [35mhttp[39m: [35m::1 GET /api/v1/uploads/saya.jpg 404 162 - 0.683 ms[39m
[35m[39m
2023-02-13 09:43:33:4333 [35mhttp[39m: [35m::1 GET /api/v1/uploaded/saya.jpg 200 72986 - 6.343 ms[39m
[35m[39m
2023-02-13 09:49:19:4919 [35mhttp[39m: [35m::1 GET /api/v1/uploaded/saya.jpg 304 - - 6.483 ms[39m
[35m[39m
2023-02-13 19:05:06:56 [35mhttp[39m: [35m::1 GET /api/v1/docs 301 189 - 3.748 ms[39m
[35m[39m
2023-02-13 19:05:06:56 [35mhttp[39m: [35m::1 GET /api/v1/docs/ 200 3103 - 3.386 ms[39m
[35m[39m
2023-02-13 19:05:06:56 [35mhttp[39m: [35m::1 GET /api/v1/docs/swagger-ui-init.js 200 1281 - 0.282 ms[39m
[35m[39m
2023-02-13 19:05:06:56 [35mhttp[39m: [35m::1 GET /api/v1/docs/swagger-ui-standalone-preset.js 200 312217 - 4.536 ms[39m
[35m[39m
2023-02-13 19:05:06:56 [35mhttp[39m: [35m::1 GET /api/v1/docs/swagger-ui-init.js 200 1281 - 0.530 ms[39m
[35m[39m
2023-02-13 19:05:06:56 [35mhttp[39m: [35m::1 GET /api/v1/docs/swagger-ui.css 200 144966 - 14.501 ms[39m
[35m[39m
2023-02-13 19:05:06:56 [35mhttp[39m: [35m::1 GET /api/v1/docs/swagger-ui-bundle.js 200 1061579 - 7.262 ms[39m
[35m[39m
2023-02-13 19:05:06:56 [35mhttp[39m: [35m::1 GET /api/v1/docs/swagger-ui-standalone-preset.js 200 312217 - 1.652 ms[39m
[35m[39m
2023-02-13 19:05:06:56 [35mhttp[39m: [35m::1 GET /api/v1/docs/favicon-32x32.png 200 628 - 4.591 ms[39m
[35m[39m
2023-02-13 19:05:06:56 [35mhttp[39m: [35m::1 GET /api/v1/docs/swagger-ui-bundle.js 200 1061579 - 1.398 ms[39m
[35m[39m
2023-02-13 19:07:54:754 [35mhttp[39m: [35m::1 GET /api/v1/docs/ 304 - - 3.976 ms[39m
[35m[39m
2023-02-13 19:07:54:754 [35mhttp[39m: [35m::1 GET /api/v1/docs/swagger-ui.css 304 - - 5.223 ms[39m
[35m[39m
2023-02-13 19:07:54:754 [35mhttp[39m: [35m::ffff:127.0.0.1 GET /api/v1/docs/swagger-ui-bundle.js 304 - - 5.160 ms[39m
[35m[39m
2023-02-13 19:07:54:754 [35mhttp[39m: [35m::1 GET /api/v1/docs/swagger-ui-init.js 200 1553 - 0.890 ms[39m
[35m[39m
2023-02-13 19:07:54:754 [35mhttp[39m: [35m::ffff:127.0.0.1 GET /api/v1/docs/swagger-ui-standalone-preset.js 304 - - 7.745 ms[39m
[35m[39m
2023-02-13 19:07:54:754 [35mhttp[39m: [35m::ffff:127.0.0.1 GET /api/v1/docs/favicon-32x32.png 304 - - 0.510 ms[39m
[35m[39m
2023-02-13 19:07:54:754 [35mhttp[39m: [35m::1 GET /api/v1/docs/swagger-ui-init.js 200 1553 - 0.310 ms[39m
[35m[39m
2023-02-13 19:07:54:754 [35mhttp[39m: [35m::1 GET /api/v1/docs/swagger-ui-bundle.js 304 - - 1.103 ms[39m
[35m[39m
2023-02-13 19:07:54:754 [35mhttp[39m: [35m::1 GET /api/v1/docs/swagger-ui-standalone-preset.js 304 - - 1.495 ms[39m
[35m[39m
2023-02-13 19:09:42:942 [35mhttp[39m: [35m::1 GET /api/v1/docs/ 304 - - 4.680 ms[39m
[35m[39m
2023-02-13 19:09:43:943 [35mhttp[39m: [35m::1 GET /api/v1/docs/swagger-ui.css 304 - - 4.141 ms[39m
[35m[39m
2023-02-13 19:09:43:943 [35mhttp[39m: [35m::1 GET /api/v1/docs/swagger-ui-bundle.js 304 - - 3.510 ms[39m
[35m[39m
2023-02-13 19:09:43:943 [35mhttp[39m: [35m::1 GET /api/v1/docs/swagger-ui-standalone-preset.js 304 - - 0.821 ms[39m
[35m[39m
2023-02-13 19:09:43:943 [35mhttp[39m: [35m::1 GET /api/v1/docs/swagger-ui-init.js 200 1711 - 0.673 ms[39m
[35m[39m
2023-02-13 19:09:43:943 [35mhttp[39m: [35m::1 GET /api/v1/docs/favicon-32x32.png 304 - - 0.787 ms[39m
[35m[39m
2023-02-13 19:15:34:1534 [35mhttp[39m: [35m::1 GET /api/v1/docs/ 304 - - 4.272 ms[39m
[35m[39m
2023-02-13 19:15:34:1534 [35mhttp[39m: [35m::1 GET /api/v1/docs/swagger-ui.css 304 - - 3.506 ms[39m
[35m[39m
2023-02-13 19:15:34:1534 [35mhttp[39m: [35m::1 GET /api/v1/docs/swagger-ui-bundle.js 304 - - 2.908 ms[39m
[35m[39m
2023-02-13 19:15:34:1534 [35mhttp[39m: [35m::1 GET /api/v1/docs/swagger-ui-standalone-preset.js 304 - - 0.717 ms[39m
[35m[39m
2023-02-13 19:15:34:1534 [35mhttp[39m: [35m::1 GET /api/v1/docs/swagger-ui-init.js 200 1553 - 0.604 ms[39m
[35m[39m
2023-02-13 19:15:34:1534 [35mhttp[39m: [35m::1 GET /api/v1/docs/favicon-32x32.png 304 - - 1.167 ms[39m
[35m[39m
2023-02-13 19:15:37:1537 [35mhttp[39m: [35m::1 GET /api/v1/docs/ 304 - - 1.134 ms[39m
[35m[39m
2023-02-13 19:15:37:1537 [35mhttp[39m: [35m::1 GET /api/v1/docs/swagger-ui-init.js 304 - - 0.485 ms[39m
[35m[39m
2023-02-13 19:15:37:1537 [35mhttp[39m: [35m::1 GET /api/v1/docs/swagger-ui.css 304 - - 5.342 ms[39m
[35m[39m
2023-02-13 19:15:37:1537 [35mhttp[39m: [35m::1 GET /api/v1/docs/swagger-ui-bundle.js 304 - - 4.697 ms[39m
[35m[39m
2023-02-13 19:15:37:1537 [35mhttp[39m: [35m::1 GET /api/v1/docs/swagger-ui-standalone-preset.js 304 - - 4.861 ms[39m
[35m[39m
2023-02-13 19:15:37:1537 [35mhttp[39m: [35m::1 GET /api/v1/docs/swagger-ui-init.js 304 - - 0.346 ms[39m
[35m[39m
2023-02-13 19:15:37:1537 [35mhttp[39m: [35m::1 GET /api/v1/docs/swagger-ui-standalone-preset.js 304 - - 0.521 ms[39m
[35m[39m
2023-02-13 19:15:37:1537 [35mhttp[39m: [35m::1 GET /api/v1/docs/swagger-ui-bundle.js 304 - - 0.603 ms[39m
[35m[39m
2023-02-13 19:15:37:1537 [35mhttp[39m: [35m::1 GET /api/v1/docs/favicon-32x32.png 304 - - 1.352 ms[39m
[35m[39m
2023-02-13 19:15:50:1550 [35mhttp[39m: [35m::ffff:127.0.0.1 GET /api/v1/docs/ 304 - - 4.003 ms[39m
[35m[39m
2023-02-13 19:15:50:1550 [35mhttp[39m: [35m::ffff:127.0.0.1 GET /api/v1/docs/swagger-ui.css 304 - - 2.207 ms[39m
[35m[39m
2023-02-13 19:15:50:1550 [35mhttp[39m: [35m::ffff:127.0.0.1 GET /api/v1/docs/swagger-ui-bundle.js 304 - - 1.391 ms[39m
[35m[39m
2023-02-13 19:15:50:1550 [35mhttp[39m: [35m::ffff:127.0.0.1 GET /api/v1/docs/swagger-ui-standalone-preset.js 304 - - 1.957 ms[39m
[35m[39m
2023-02-13 19:15:50:1550 [35mhttp[39m: [35m::ffff:127.0.0.1 GET /api/v1/docs/swagger-ui-init.js 304 - - 0.483 ms[39m
[35m[39m
2023-02-13 19:15:50:1550 [35mhttp[39m: [35m::1 GET /api/v1/docs/swagger-ui-standalone-preset.js 304 - - 1.317 ms[39m
[35m[39m
2023-02-13 19:15:50:1550 [35mhttp[39m: [35m::1 GET /api/v1/docs/swagger-ui-bundle.js 304 - - 2.058 ms[39m
[35m[39m
2023-02-13 19:15:50:1550 [35mhttp[39m: [35m::1 GET /api/v1/docs/swagger-ui-init.js 304 - - 0.407 ms[39m
[35m[39m
2023-02-13 19:15:50:1550 [35mhttp[39m: [35m::ffff:127.0.0.1 GET /api/v1/docs/favicon-32x32.png 304 - - 0.860 ms[39m
[35m[39m
2023-02-13 19:16:13:1613 [35mhttp[39m: [35m::1 GET /api/v1/docs/ 304 - - 4.346 ms[39m
[35m[39m
2023-02-13 19:16:13:1613 [35mhttp[39m: [35m::1 GET /api/v1/docs/swagger-ui.css 304 - - 2.321 ms[39m
[35m[39m
2023-02-13 19:16:13:1613 [35mhttp[39m: [35m::ffff:127.0.0.1 GET /api/v1/docs/swagger-ui-bundle.js 304 - - 3.624 ms[39m
[35m[39m
2023-02-13 19:16:13:1613 [35mhttp[39m: [35m::1 GET /api/v1/docs/swagger-ui-init.js 304 - - 0.458 ms[39m
[35m[39m
2023-02-13 19:16:13:1613 [35mhttp[39m: [35m::1 GET /api/v1/docs/swagger-ui-standalone-preset.js 304 - - 4.499 ms[39m
[35m[39m
2023-02-13 19:16:13:1613 [35mhttp[39m: [35m::1 GET /api/v1/docs/swagger-ui-init.js 304 - - 0.357 ms[39m
[35m[39m
2023-02-13 19:16:13:1613 [35mhttp[39m: [35m::1 GET /api/v1/docs/swagger-ui-standalone-preset.js 304 - - 1.473 ms[39m
[35m[39m
2023-02-13 19:16:13:1613 [35mhttp[39m: [35m::1 GET /api/v1/docs/swagger-ui-bundle.js 304 - - 0.594 ms[39m
[35m[39m
2023-02-13 19:16:13:1613 [35mhttp[39m: [35m::1 GET /api/v1/docs/favicon-32x32.png 304 - - 1.102 ms[39m
[35m[39m
2023-02-13 19:30:24:3024 [35mhttp[39m: [35m::1 GET /api/v1/docs/ 304 - - 5.146 ms[39m
[35m[39m
2023-02-13 19:30:24:3024 [35mhttp[39m: [35m::1 GET /api/v1/docs/swagger-ui.css 304 - - 3.237 ms[39m
[35m[39m
2023-02-13 19:30:24:3024 [35mhttp[39m: [35m::1 GET /api/v1/docs/swagger-ui-bundle.js 304 - - 4.136 ms[39m
[35m[39m
2023-02-13 19:30:24:3024 [35mhttp[39m: [35m::1 GET /api/v1/docs/swagger-ui-init.js 304 - - 0.951 ms[39m
[35m[39m
2023-02-13 19:30:24:3024 [35mhttp[39m: [35m::1 GET /api/v1/docs/swagger-ui-standalone-preset.js 304 - - 4.809 ms[39m
[35m[39m
2023-02-13 19:30:25:3025 [35mhttp[39m: [35m::1 GET /api/v1/docs/favicon-32x32.png 304 - - 0.644 ms[39m
[35m[39m
2023-02-13 19:30:26:3026 [35mhttp[39m: [35m::1 GET /api/v1/docs/ 304 - - 0.836 ms[39m
[35m[39m
2023-02-13 19:30:26:3026 [35mhttp[39m: [35m::1 GET /api/v1/docs/swagger-ui.css 304 - - 1.854 ms[39m
[35m[39m
2023-02-13 19:30:26:3026 [35mhttp[39m: [35m::1 GET /api/v1/docs/swagger-ui-bundle.js 304 - - 2.440 ms[39m
[35m[39m
2023-02-13 19:30:26:3026 [35mhttp[39m: [35m::1 GET /api/v1/docs/swagger-ui-standalone-preset.js 304 - - 3.662 ms[39m
[35m[39m
2023-02-13 19:30:26:3026 [35mhttp[39m: [35m::1 GET /api/v1/docs/swagger-ui-init.js 304 - - 0.453 ms[39m
[35m[39m
2023-02-13 19:30:26:3026 [35mhttp[39m: [35m::1 GET /api/v1/docs/swagger-ui-init.js 304 - - 0.428 ms[39m
[35m[39m
2023-02-13 19:30:26:3026 [35mhttp[39m: [35m::1 GET /api/v1/docs/swagger-ui-standalone-preset.js 304 - - 3.986 ms[39m
[35m[39m
2023-02-13 19:30:26:3026 [35mhttp[39m: [35m::1 GET /api/v1/docs/swagger-ui-bundle.js 304 - - 0.835 ms[39m
[35m[39m
2023-02-13 19:30:26:3026 [35mhttp[39m: [35m::1 GET /api/v1/docs/favicon-32x32.png 304 - - 0.882 ms[39m
[35m[39m
2023-02-13 19:33:22:3322 [35mhttp[39m: [35m::1 GET /api/v1/docs/ 304 - - 4.579 ms[39m
[35m[39m
2023-02-13 19:33:22:3322 [35mhttp[39m: [35m::1 GET /api/v1/docs/swagger-ui.css 304 - - 2.820 ms[39m
[35m[39m
2023-02-13 19:33:22:3322 [35mhttp[39m: [35m::1 GET /api/v1/docs/swagger-ui-bundle.js 304 - - 2.984 ms[39m
[35m[39m
2023-02-13 19:33:22:3322 [35mhttp[39m: [35m::1 GET /api/v1/docs/swagger-ui-init.js 200 1610 - 0.503 ms[39m
[35m[39m
2023-02-13 19:33:22:3322 [35mhttp[39m: [35m::1 GET /api/v1/docs/swagger-ui-standalone-preset.js 304 - - 3.567 ms[39m
[35m[39m
2023-02-13 19:33:22:3322 [35mhttp[39m: [35m::1 GET /api/v1/docs/favicon-32x32.png 304 - - 0.607 ms[39m
[35m[39m
2023-02-13 19:33:23:3323 [35mhttp[39m: [35m::1 GET /api/v1/docs/ 304 - - 1.635 ms[39m
[35m[39m
2023-02-13 19:33:23:3323 [35mhttp[39m: [35m::1 GET /api/v1/docs/swagger-ui-init.js 304 - - 0.717 ms[39m
[35m[39m
2023-02-13 19:33:23:3323 [35mhttp[39m: [35m::1 GET /api/v1/docs/swagger-ui.css 304 - - 5.234 ms[39m
[35m[39m
2023-02-13 19:33:23:3323 [35mhttp[39m: [35m::1 GET /api/v1/docs/swagger-ui-bundle.js 304 - - 7.357 ms[39m
[35m[39m
2023-02-13 19:33:23:3323 [35mhttp[39m: [35m::1 GET /api/v1/docs/swagger-ui-standalone-preset.js 304 - - 7.797 ms[39m
[35m[39m
2023-02-13 19:33:23:3323 [35mhttp[39m: [35m::1 GET /api/v1/docs/swagger-ui-init.js 200 1610 - 0.582 ms[39m
[35m[39m
2023-02-13 19:33:23:3323 [35mhttp[39m: [35m::1 GET /api/v1/docs/swagger-ui-standalone-preset.js 304 - - 0.715 ms[39m
[35m[39m
2023-02-13 19:33:23:3323 [35mhttp[39m: [35m::1 GET /api/v1/docs/swagger-ui-bundle.js 304 - - 0.909 ms[39m
[35m[39m
2023-02-13 19:33:23:3323 [35mhttp[39m: [35m::1 GET /api/v1/docs/favicon-32x32.png 304 - - 0.719 ms[39m
[35m[39m
2023-02-13 19:37:01:371 [35mhttp[39m: [35m::1 GET /api/v1/docs/ 304 - - 4.353 ms[39m
[35m[39m
2023-02-13 19:37:01:371 [35mhttp[39m: [35m::1 GET /api/v1/docs/swagger-ui.css 304 - - 3.047 ms[39m
[35m[39m
2023-02-13 19:37:01:371 [35mhttp[39m: [35m::1 GET /api/v1/docs/swagger-ui-bundle.js 304 - - 4.535 ms[39m
[35m[39m
2023-02-13 19:37:01:371 [35mhttp[39m: [35m::1 GET /api/v1/docs/swagger-ui-init.js 200 1811 - 0.654 ms[39m
[35m[39m
2023-02-13 19:37:01:371 [35mhttp[39m: [35m::1 GET /api/v1/docs/swagger-ui-standalone-preset.js 304 - - 4.007 ms[39m
[35m[39m
2023-02-13 19:37:01:371 [35mhttp[39m: [35m::1 GET /api/v1/docs/favicon-32x32.png 304 - - 0.741 ms[39m
[35m[39m
2023-02-13 19:39:37:3937 [35mhttp[39m: [35m::1 GET /api/v1/docs/ 304 - - 4.329 ms[39m
[35m[39m
2023-02-13 19:39:37:3937 [35mhttp[39m: [35m::1 GET /api/v1/docs/swagger-ui.css 304 - - 3.044 ms[39m
[35m[39m
2023-02-13 19:39:37:3937 [35mhttp[39m: [35m::1 GET /api/v1/docs/swagger-ui-bundle.js 304 - - 5.197 ms[39m
[35m[39m
2023-02-13 19:39:37:3937 [35mhttp[39m: [35m::1 GET /api/v1/docs/swagger-ui-init.js 200 2321 - 0.560 ms[39m
[35m[39m
2023-02-13 19:39:37:3937 [35mhttp[39m: [35m::1 GET /api/v1/docs/swagger-ui-standalone-preset.js 304 - - 3.505 ms[39m
[35m[39m
2023-02-13 19:39:37:3937 [35mhttp[39m: [35m::1 GET /api/v1/docs/favicon-32x32.png 304 - - 0.992 ms[39m
[35m[39m
2023-02-13 19:50:33:5033 [35mhttp[39m: [35m::ffff:127.0.0.1 GET /api/v1/docs/ 304 - - 3.229 ms[39m
[35m[39m
2023-02-13 19:50:33:5033 [35mhttp[39m: [35m::ffff:127.0.0.1 GET /api/v1/docs/swagger-ui.css 304 - - 2.279 ms[39m
[35m[39m
2023-02-13 19:50:33:5033 [35mhttp[39m: [35m::ffff:127.0.0.1 GET /api/v1/docs/swagger-ui-bundle.js 304 - - 3.353 ms[39m
[35m[39m
2023-02-13 19:50:33:5033 [35mhttp[39m: [35m::ffff:127.0.0.1 GET /api/v1/docs/swagger-ui-init.js 200 2433 - 0.482 ms[39m
[35m[39m
2023-02-13 19:50:33:5033 [35mhttp[39m: [35m::1 GET /api/v1/docs/swagger-ui-standalone-preset.js 304 - - 2.722 ms[39m
[35m[39m
2023-02-13 19:50:33:5033 [35mhttp[39m: [35m::1 GET /api/v1/docs/swagger-ui-bundle.js 304 - - 0.429 ms[39m
[35m[39m
2023-02-13 19:50:33:5033 [35mhttp[39m: [35m::1 GET /api/v1/docs/swagger-ui-init.js 200 2433 - 1.386 ms[39m
[35m[39m
2023-02-13 19:50:33:5033 [35mhttp[39m: [35m::1 GET /api/v1/docs/swagger-ui-standalone-preset.js 304 - - 0.713 ms[39m
[35m[39m
2023-02-13 19:50:33:5033 [35mhttp[39m: [35m::1 GET /api/v1/docs/favicon-32x32.png 304 - - 1.022 ms[39m
[35m[39m
2023-02-13 19:51:17:5117 [35mhttp[39m: [35m::1 GET /api/v1/docs/ 304 - - 4.207 ms[39m
[35m[39m
2023-02-13 19:51:17:5117 [35mhttp[39m: [35m::1 GET /api/v1/docs/swagger-ui.css 304 - - 3.209 ms[39m
[35m[39m
2023-02-13 19:51:17:5117 [35mhttp[39m: [35m::1 GET /api/v1/docs/swagger-ui-bundle.js 304 - - 3.602 ms[39m
[35m[39m
2023-02-13 19:51:17:5117 [35mhttp[39m: [35m::1 GET /api/v1/docs/swagger-ui-init.js 200 2438 - 0.420 ms[39m
[35m[39m
2023-02-13 19:51:17:5117 [35mhttp[39m: [35m::1 GET /api/v1/docs/swagger-ui-standalone-preset.js 304 - - 3.242 ms[39m
[35m[39m
2023-02-13 19:51:17:5117 [35mhttp[39m: [35m::1 GET /api/v1/docs/favicon-32x32.png 304 - - 1.103 ms[39m
[35m[39m
2023-02-13 19:52:40:5240 [35mhttp[39m: [35m::1 GET /api/v1/docs/ 304 - - 4.348 ms[39m
[35m[39m
2023-02-13 19:52:40:5240 [35mhttp[39m: [35m::1 GET /api/v1/docs/swagger-ui.css 304 - - 2.179 ms[39m
[35m[39m
2023-02-13 19:52:40:5240 [35mhttp[39m: [35m::1 GET /api/v1/docs/swagger-ui-bundle.js 304 - - 2.871 ms[39m
[35m[39m
2023-02-13 19:52:40:5240 [35mhttp[39m: [35m::1 GET /api/v1/docs/swagger-ui-init.js 200 2917 - 0.655 ms[39m
[35m[39m
2023-02-13 19:52:40:5240 [35mhttp[39m: [35m::1 GET /api/v1/docs/swagger-ui-standalone-preset.js 304 - - 3.544 ms[39m
[35m[39m
2023-02-13 19:52:40:5240 [35mhttp[39m: [35m::1 GET /api/v1/docs/favicon-32x32.png 304 - - 0.457 ms[39m
[35m[39m
2023-02-13 19:52:55:5255 [35mhttp[39m: [35m::1 GET /api/v1/docs/ 304 - - 5.616 ms[39m
[35m[39m
2023-02-13 19:52:55:5255 [35mhttp[39m: [35m::1 GET /api/v1/docs/swagger-ui.css 304 - - 3.579 ms[39m
[35m[39m
2023-02-13 19:52:55:5255 [35mhttp[39m: [35m::1 GET /api/v1/docs/swagger-ui-bundle.js 304 - - 2.860 ms[39m
[35m[39m
2023-02-13 19:52:55:5255 [35mhttp[39m: [35m::1 GET /api/v1/docs/swagger-ui-init.js 200 2933 - 0.564 ms[39m
[35m[39m
2023-02-13 19:52:55:5255 [35mhttp[39m: [35m::1 GET /api/v1/docs/swagger-ui-standalone-preset.js 304 - - 4.188 ms[39m
[35m[39m
2023-02-13 19:52:55:5255 [35mhttp[39m: [35m::1 GET /api/v1/docs/swagger-ui-init.js 200 2933 - 0.469 ms[39m
[35m[39m
2023-02-13 19:52:55:5255 [35mhttp[39m: [35m::1 GET /api/v1/docs/swagger-ui-bundle.js 304 - - 0.720 ms[39m
[35m[39m
2023-02-13 19:52:55:5255 [35mhttp[39m: [35m::1 GET /api/v1/docs/swagger-ui-standalone-preset.js 304 - - 0.435 ms[39m
[35m[39m
2023-02-13 19:52:55:5255 [35mhttp[39m: [35m::1 GET /api/v1/docs/favicon-32x32.png 304 - - 1.328 ms[39m
[35m[39m
2023-02-13 19:53:18:5318 [35mhttp[39m: [35m::ffff:127.0.0.1 GET /api/v1/docs/ 304 - - 3.458 ms[39m
[35m[39m
2023-02-13 19:53:18:5318 [35mhttp[39m: [35m::ffff:127.0.0.1 GET /api/v1/docs/swagger-ui.css 304 - - 2.068 ms[39m
[35m[39m
2023-02-13 19:53:18:5318 [35mhttp[39m: [35m::1 GET /api/v1/docs/swagger-ui-bundle.js 304 - - 2.192 ms[39m
[35m[39m
2023-02-13 19:53:18:5318 [35mhttp[39m: [35m::1 GET /api/v1/docs/swagger-ui-init.js 200 2940 - 0.385 ms[39m
[35m[39m
2023-02-13 19:53:18:5318 [35mhttp[39m: [35m::1 GET /api/v1/docs/swagger-ui-standalone-preset.js 304 - - 1.901 ms[39m
[35m[39m
2023-02-13 19:53:18:5318 [35mhttp[39m: [35m::1 GET /api/v1/docs/swagger-ui-bundle.js 304 - - 0.290 ms[39m
[35m[39m
2023-02-13 19:53:18:5318 [35mhttp[39m: [35m::1 GET /api/v1/docs/swagger-ui-init.js 200 2940 - 0.282 ms[39m
[35m[39m
2023-02-13 19:53:18:5318 [35mhttp[39m: [35m::1 GET /api/v1/docs/swagger-ui-standalone-preset.js 304 - - 0.267 ms[39m
[35m[39m
2023-02-13 19:53:18:5318 [35mhttp[39m: [35m::1 GET /api/v1/docs/favicon-32x32.png 304 - - 0.757 ms[39m
[35m[39m
2023-02-13 19:54:53:5453 [35mhttp[39m: [35m::1 GET /api/v1/docs/ 304 - - 3.884 ms[39m
[35m[39m
2023-02-13 19:54:53:5453 [35mhttp[39m: [35m::1 GET /api/v1/docs/swagger-ui-init.js 200 3519 - 0.539 ms[39m
[35m[39m
2023-02-13 19:54:53:5453 [35mhttp[39m: [35m::1 GET /api/v1/docs/swagger-ui-standalone-preset.js 304 - - 5.171 ms[39m
[35m[39m
2023-02-13 19:54:53:5453 [35mhttp[39m: [35m::1 GET /api/v1/docs/swagger-ui.css 304 - - 5.202 ms[39m
[35m[39m
2023-02-13 19:54:53:5453 [35mhttp[39m: [35m::1 GET /api/v1/docs/swagger-ui-bundle.js 304 - - 5.342 ms[39m
[35m[39m
2023-02-13 19:54:53:5453 [35mhttp[39m: [35m::1 GET /api/v1/docs/favicon-32x32.png 304 - - 0.507 ms[39m
[35m[39m
2023-02-13 19:55:28:5528 [35mhttp[39m: [35m::1 GET /api/v1/docs/ 304 - - 3.565 ms[39m
[35m[39m
2023-02-13 19:55:28:5528 [35mhttp[39m: [35m::1 GET /api/v1/docs/swagger-ui.css 304 - - 4.572 ms[39m
[35m[39m
2023-02-13 19:55:28:5528 [35mhttp[39m: [35m::1 GET /api/v1/docs/swagger-ui-bundle.js 304 - - 5.706 ms[39m
[35m[39m
2023-02-13 19:55:28:5528 [35mhttp[39m: [35m::1 GET /api/v1/docs/swagger-ui-init.js 200 3523 - 0.886 ms[39m
[35m[39m
2023-02-13 19:55:28:5528 [35mhttp[39m: [35m::1 GET /api/v1/docs/swagger-ui-standalone-preset.js 304 - - 4.897 ms[39m
[35m[39m
2023-02-13 19:55:28:5528 [35mhttp[39m: [35m::1 GET /api/v1/docs/favicon-32x32.png 304 - - 0.912 ms[39m
[35m[39m
2023-02-13 19:56:35:5635 [35mhttp[39m: [35m::1 GET /api/v1/docs/ 304 - - 3.666 ms[39m
[35m[39m
2023-02-13 19:56:35:5635 [35mhttp[39m: [35m::1 GET /api/v1/docs/swagger-ui.css 304 - - 3.799 ms[39m
[35m[39m
2023-02-13 19:56:35:5635 [35mhttp[39m: [35m::1 GET /api/v1/docs/swagger-ui-bundle.js 304 - - 3.943 ms[39m
[35m[39m
2023-02-13 19:56:35:5635 [35mhttp[39m: [35m::1 GET /api/v1/docs/swagger-ui-init.js 200 3553 - 0.522 ms[39m
[35m[39m
2023-02-13 19:56:35:5635 [35mhttp[39m: [35m::1 GET /api/v1/docs/swagger-ui-standalone-preset.js 304 - - 3.925 ms[39m
[35m[39m
2023-02-13 19:56:35:5635 [35mhttp[39m: [35m::1 GET /api/v1/docs/favicon-32x32.png 304 - - 0.669 ms[39m
[35m[39m
2023-02-13 19:59:35:5935 [35mhttp[39m: [35m::1 GET /api/v1/docs/ 304 - - 3.872 ms[39m
[35m[39m
2023-02-13 19:59:35:5935 [35mhttp[39m: [35m::1 GET /api/v1/docs/swagger-ui.css 304 - - 4.030 ms[39m
[35m[39m
2023-02-13 19:59:35:5935 [35mhttp[39m: [35m::1 GET /api/v1/docs/swagger-ui-init.js 200 4323 - 0.416 ms[39m
[35m[39m
2023-02-13 19:59:35:5935 [35mhttp[39m: [35m::1 GET /api/v1/docs/swagger-ui-bundle.js 304 - - 7.678 ms[39m
[35m[39m
2023-02-13 19:59:35:5935 [35mhttp[39m: [35m::1 GET /api/v1/docs/swagger-ui-standalone-preset.js 304 - - 4.733 ms[39m
[35m[39m
2023-02-13 19:59:35:5935 [35mhttp[39m: [35m::1 GET /api/v1/docs/favicon-32x32.png 304 - - 0.926 ms[39m
[35m[39m
2023-02-13 20:02:40:240 [35mhttp[39m: [35m::1 GET /api/v1/docs/ 304 - - 4.039 ms[39m
[35m[39m
2023-02-13 20:02:40:240 [35mhttp[39m: [35m::1 GET /api/v1/docs/swagger-ui.css 304 - - 1.997 ms[39m
[35m[39m
2023-02-13 20:02:40:240 [35mhttp[39m: [35m::1 GET /api/v1/docs/swagger-ui-bundle.js 304 - - 2.264 ms[39m
[35m[39m
2023-02-13 20:02:40:240 [35mhttp[39m: [35m::1 GET /api/v1/docs/swagger-ui-init.js 200 5085 - 0.567 ms[39m
[35m[39m
2023-02-13 20:02:40:240 [35mhttp[39m: [35m::1 GET /api/v1/docs/swagger-ui-standalone-preset.js 304 - - 2.278 ms[39m
[35m[39m
2023-02-13 20:02:40:240 [35mhttp[39m: [35m::1 GET /api/v1/docs/favicon-32x32.png 304 - - 0.691 ms[39m
[35m[39m
2023-02-13 20:03:23:323 [35mhttp[39m: [35m::1 GET /api/v1/docs/ 304 - - 4.309 ms[39m
[35m[39m
2023-02-13 20:03:23:323 [35mhttp[39m: [35m::1 GET /api/v1/docs/swagger-ui.css 304 - - 3.201 ms[39m
[35m[39m
2023-02-13 20:03:23:323 [35mhttp[39m: [35m::1 GET /api/v1/docs/swagger-ui-bundle.js 304 - - 2.897 ms[39m
[35m[39m
2023-02-13 20:03:23:323 [35mhttp[39m: [35m::1 GET /api/v1/docs/swagger-ui-init.js 200 5311 - 0.452 ms[39m
[35m[39m
2023-02-13 20:03:23:323 [35mhttp[39m: [35m::1 GET /api/v1/docs/swagger-ui-standalone-preset.js 304 - - 3.358 ms[39m
[35m[39m
2023-02-13 20:03:23:323 [35mhttp[39m: [35m::1 GET /api/v1/docs/favicon-32x32.png 304 - - 0.500 ms[39m
[35m[39m
2023-02-13 20:04:38:438 [35mhttp[39m: [35m::1 GET /api/v1/docs/ 304 - - 3.004 ms[39m
[35m[39m
2023-02-13 20:04:38:438 [35mhttp[39m: [35m::1 GET /api/v1/docs/swagger-ui.css 304 - - 1.966 ms[39m
[35m[39m
2023-02-13 20:04:38:438 [35mhttp[39m: [35m::1 GET /api/v1/docs/swagger-ui-init.js 200 5770 - 0.569 ms[39m
[35m[39m
2023-02-13 20:04:38:438 [35mhttp[39m: [35m::1 GET /api/v1/docs/swagger-ui-bundle.js 304 - - 3.989 ms[39m
[35m[39m
2023-02-13 20:04:38:438 [35mhttp[39m: [35m::1 GET /api/v1/docs/swagger-ui-standalone-preset.js 304 - - 3.324 ms[39m
[35m[39m
2023-02-13 20:04:38:438 [35mhttp[39m: [35m::1 GET /api/v1/docs/swagger-ui-init.js 200 5770 - 0.206 ms[39m
[35m[39m
2023-02-13 20:04:38:438 [35mhttp[39m: [35m::1 GET /api/v1/docs/swagger-ui-standalone-preset.js 304 - - 0.451 ms[39m
[35m[39m
2023-02-13 20:04:38:438 [35mhttp[39m: [35m::1 GET /api/v1/docs/swagger-ui-bundle.js 304 - - 0.365 ms[39m
[35m[39m
2023-02-13 20:04:38:438 [35mhttp[39m: [35m::1 GET /api/v1/docs/favicon-32x32.png 304 - - 1.263 ms[39m
[35m[39m
2023-02-13 20:05:49:549 [35mhttp[39m: [35m::1 GET /api/v1/docs/ 304 - - 3.648 ms[39m
[35m[39m
2023-02-13 20:05:49:549 [35mhttp[39m: [35m::1 GET /api/v1/docs/swagger-ui.css 304 - - 2.681 ms[39m
[35m[39m
2023-02-13 20:05:49:549 [35mhttp[39m: [35m::1 GET /api/v1/docs/swagger-ui-bundle.js 304 - - 4.416 ms[39m
[35m[39m
2023-02-13 20:05:49:549 [35mhttp[39m: [35m::1 GET /api/v1/docs/swagger-ui-init.js 200 6246 - 0.694 ms[39m
[35m[39m
2023-02-13 20:05:49:549 [35mhttp[39m: [35m::1 GET /api/v1/docs/swagger-ui-standalone-preset.js 304 - - 4.449 ms[39m
[35m[39m
2023-02-13 20:05:49:549 [35mhttp[39m: [35m::1 GET /api/v1/docs/favicon-32x32.png 304 - - 0.555 ms[39m
[35m[39m
2023-02-13 20:06:25:625 [35mhttp[39m: [35m::1 GET /api/v1/docs/ 304 - - 3.457 ms[39m
[35m[39m
2023-02-13 20:06:25:625 [35mhttp[39m: [35m::1 GET /api/v1/docs/swagger-ui.css 304 - - 2.029 ms[39m
[35m[39m
2023-02-13 20:06:25:625 [35mhttp[39m: [35m::1 GET /api/v1/docs/swagger-ui-bundle.js 304 - - 1.931 ms[39m
[35m[39m
2023-02-13 20:06:25:625 [35mhttp[39m: [35m::1 GET /api/v1/docs/swagger-ui-init.js 200 6253 - 0.340 ms[39m
[35m[39m
2023-02-13 20:06:25:625 [35mhttp[39m: [35m::1 GET /api/v1/docs/swagger-ui-standalone-preset.js 304 - - 1.777 ms[39m
[35m[39m
2023-02-13 20:06:25:625 [35mhttp[39m: [35m::1 GET /api/v1/docs/swagger-ui-init.js 200 6253 - 0.184 ms[39m
[35m[39m
2023-02-13 20:06:25:625 [35mhttp[39m: [35m::1 GET /api/v1/docs/swagger-ui-bundle.js 304 - - 1.540 ms[39m
[35m[39m
2023-02-13 20:06:25:625 [35mhttp[39m: [35m::1 GET /api/v1/docs/swagger-ui-standalone-preset.js 304 - - 0.797 ms[39m
[35m[39m
2023-02-13 20:06:25:625 [35mhttp[39m: [35m::1 GET /api/v1/docs/favicon-32x32.png 304 - - 0.610 ms[39m
[35m[39m
2023-02-14 09:26:26:2626 [35mhttp[39m: [35m::1 GET /api/v1/docs/ 304 - - 5.815 ms[39m
[35m[39m
2023-02-14 09:26:26:2626 [35mhttp[39m: [35m::1 GET /api/v1/docs/swagger-ui.css 304 - - 3.834 ms[39m
[35m[39m
2023-02-14 09:26:26:2626 [35mhttp[39m: [35m::1 GET /api/v1/docs/swagger-ui-bundle.js 304 - - 4.341 ms[39m
[35m[39m
2023-02-14 09:26:26:2626 [35mhttp[39m: [35m::1 GET /api/v1/docs/swagger-ui-init.js 200 8131 - 0.591 ms[39m
[35m[39m
2023-02-14 09:26:26:2626 [35mhttp[39m: [35m::1 GET /api/v1/docs/swagger-ui-standalone-preset.js 304 - - 3.943 ms[39m
[35m[39m
2023-02-14 09:26:26:2626 [35mhttp[39m: [35m::1 GET /api/v1/docs/swagger-ui-init.js 200 8131 - 0.459 ms[39m
[35m[39m
2023-02-14 09:26:26:2626 [35mhttp[39m: [35m::1 GET /api/v1/docs/swagger-ui-bundle.js 304 - - 1.548 ms[39m
[35m[39m
2023-02-14 09:26:26:2626 [35mhttp[39m: [35m::1 GET /api/v1/docs/swagger-ui-standalone-preset.js 304 - - 1.887 ms[39m
[35m[39m
2023-02-14 09:36:22:3622 [35mhttp[39m: [35m::1 GET /api/v1/docs/ 304 - - 7.896 ms[39m
[35m[39m
2023-02-14 09:36:22:3622 [35mhttp[39m: [35m::1 GET /api/v1/docs/swagger-ui.css 304 - - 4.936 ms[39m
[35m[39m
2023-02-14 09:36:22:3622 [35mhttp[39m: [35m::1 GET /api/v1/docs/swagger-ui-bundle.js 304 - - 4.290 ms[39m
[35m[39m
2023-02-14 09:36:22:3622 [35mhttp[39m: [35m::1 GET /api/v1/docs/swagger-ui-init.js 200 9136 - 0.977 ms[39m
[35m[39m
2023-02-14 09:36:22:3622 [35mhttp[39m: [35m::1 GET /api/v1/docs/swagger-ui-standalone-preset.js 304 - - 5.719 ms[39m
[35m[39m
2023-02-14 09:36:23:3623 [35mhttp[39m: [35m::1 GET /api/v1/docs/favicon-32x32.png 304 - - 1.033 ms[39m
[35m[39m
2023-02-14 09:42:47:4247 [35mhttp[39m: [35m::1 GET /api/v1/docs/ 304 - - 7.433 ms[39m
[35m[39m
2023-02-14 09:42:47:4247 [35mhttp[39m: [35m::1 GET /api/v1/docs/swagger-ui.css 304 - - 3.759 ms[39m
[35m[39m
2023-02-14 09:42:47:4247 [35mhttp[39m: [35m::1 GET /api/v1/docs/swagger-ui-init.js 200 9133 - 1.375 ms[39m
[35m[39m
2023-02-14 09:42:47:4247 [35mhttp[39m: [35m::1 GET /api/v1/docs/swagger-ui-bundle.js 304 - - 10.650 ms[39m
[35m[39m
2023-02-14 09:42:47:4247 [35mhttp[39m: [35m::1 GET /api/v1/docs/swagger-ui-standalone-preset.js 304 - - 8.985 ms[39m
[35m[39m
2023-02-14 09:42:48:4248 [35mhttp[39m: [35m::1 GET /api/v1/docs/favicon-32x32.png 304 - - 2.143 ms[39m
[35m[39m
2023-02-14 19:22:19:2219 [35mhttp[39m: [35m::1 GET /api/v1/customer/all 200 453 - 332.765 ms[39m
[35m[39m
2023-02-14 19:22:19:2219 [35mhttp[39m: [35m::1 GET /favicon.ico 404 150 - 4.211 ms[39m
[35m[39m
2023-02-14 19:22:35:2235 [35mhttp[39m: [35m::1 GET /api/v1/customer/63eb7c219a0b6eacbc2fc671 200 251 - 36.106 ms[39m
[35m[39m
2023-03-01 17:51:20:5120 [35mhttp[39m: [35m::1 GET /api/v1/customer/all 404 33 - 57124.170 ms[39m
[35m[39m
2023-03-01 17:58:22:5822 [35mhttp[39m: [35m::1 POST /api/v1/customer/create 201 269 - 9190.586 ms[39m
[35m[39m
2023-03-01 17:58:47:5847 [35mhttp[39m: [35m::1 POST /api/v1/customer/create 201 271 - 111.319 ms[39m
[35m[39m
2023-03-01 17:58:56:5856 [35mhttp[39m: [35m::1 GET /api/v1/customer/all 200 491 - 40.423 ms[39m
[35m[39m
2023-03-01 17:59:31:5931 [35mhttp[39m: [35m::1 DELETE /api/v1/customer/63ff2fcca1eecdb157388f57 404 182 - 5.960 ms[39m
[35m[39m
2023-03-01 17:59:58:5958 [35mhttp[39m: [35m::1 GET /api/v1/customer/63ff2fcca1eecdb157388f57 200 269 - 75.828 ms[39m
[35m[39m
2023-03-01 18:28:32:2832 [35mhttp[39m: [35m::1 GET /api/v1/customer/63ff2fcca1eecdb157388f57 200 269 - 1782.246 ms[39m
[35m[39m
2023-03-01 18:29:33:2933 [35mhttp[39m: [35m::1 DELETE /api/v1/customer/delete/63ff2fcca1eecdb157388f57 204 - - 653.950 ms[39m
[35m[39m
2023-03-01 18:30:35:3035 [35mhttp[39m: [35m::1 GET /api/v1/customer/delete/63ff2fcca1eecdb157388f57 404 186 - 5.002 ms[39m
[35m[39m
2023-03-01 18:30:50:3050 [35mhttp[39m: [35m::1 GET /api/v1/customer/all 200 273 - 86.448 ms[39m
[35m[39m
2023-03-01 18:33:07:337 [35mhttp[39m: [35m::1 POST /api/v1/customer/create 201 272 - 527.793 ms[39m
[35m[39m
2023-03-01 18:33:32:3332 [35mhttp[39m: [35m::1 POST /api/v1/customer/update/63ff37f32b677096212c856a 404 187 - 4.591 ms[39m
[35m[39m
2023-03-01 18:33:48:3348 [35mhttp[39m: [35m::1 PUT /api/v1/customer/update/63ff37f32b677096212c856a 200 269 - 263.093 ms[39m
[35m[39m
2023-03-01 18:35:13:3513 [35mhttp[39m: [35m::1 GET /api/v1/customer/all 200 491 - 621.309 ms[39m
[35m[39m
2023-03-01 18:38:56:3856 [35mhttp[39m: [35m::1 POST /api/v1/product/create 500 882 - 137.782 ms[39m
[35m[39m
2023-03-01 18:39:33:3933 [35mhttp[39m: [35m::1 POST /api/v1/product/create 500 882 - 15.099 ms[39m
[35m[39m
2023-03-01 18:40:19:4019 [35mhttp[39m: [35m::1 POST /api/v1/product/create 500 882 - 12.057 ms[39m
[35m[39m
2023-03-01 18:40:42:4042 [35mhttp[39m: [35m::1 POST /api/v1/product/create 500 882 - 12.839 ms[39m
[35m[39m
2023-03-01 18:41:30:4130 [35mhttp[39m: [35m::1 GET /api/v1/product/all 404 32 - 65.429 ms[39m
[35m[39m
2023-03-01 18:41:45:4145 [35mhttp[39m: [35m::1 POST /api/v1/product/create 500 882 - 10.114 ms[39m
[35m[39m
2023-03-01 18:45:40:4540 [35mhttp[39m: [35m::1 POST /api/v1/product/create 201 276 - 3767.412 ms[39m
[35m[39m
2023-03-01 18:46:54:4654 [35mhttp[39m: [35m::1 GET /api/v1/product/all 200 278 - 1138.583 ms[39m
[35m[39m
2023-03-01 18:47:07:477 [35mhttp[39m: [35m::1 GET /api/v1/product/63ff3ae3e9206876844aa30b 500 479 - 105.316 ms[39m
[35m[39m
2023-03-01 18:47:32:4732 [35mhttp[39m: [35m::1 GET /api/v1/product/update/63ff3ae3e9206876844aa30b 404 185 - 14.228 ms[39m
[35m[39m
2023-03-01 18:47:37:4737 [35mhttp[39m: [35m::1 PUT /api/v1/product/update/63ff3ae3e9206876844aa30b 500 737 - 16.198 ms[39m
[35m[39m
2023-03-01 18:51:08:518 [35mhttp[39m: [35m::1 POST /api/v1/product/create 201 270 - 13193.025 ms[39m
[35m[39m
2023-03-01 18:51:18:5118 [35mhttp[39m: [35m::1 POST /api/v1/product/all 404 158 - 6.742 ms[39m
[35m[39m
2023-03-01 18:51:23:5123 [35mhttp[39m: [35m::1 GET /api/v1/product/all 200 498 - 104.528 ms[39m
[35m[39m
2023-03-01 18:53:44:5344 [35mhttp[39m: [35m::1 DELETE /api/v1/product/delete/63ff3c2bba795306649c2d8f 500 478 - 64.032 ms[39m
[35m[39m
2023-03-01 18:55:21:5521 [35mhttp[39m: [35m::1 DELETE /api/v1/product/delete/63ff3c2bba795306649c2d8f 500 478 - 11.952 ms[39m
[35m[39m
2023-03-01 18:55:58:5558 [35mhttp[39m: [35m::1 DELETE /api/v1/product/delete/63ff3c2bba795306649c2d8f 500 478 - 1538.458 ms[39m
[35m[39m
2023-03-02 20:16:41:1641 [35mhttp[39m: [35m::1 GET /_next/webpack-hmr 404 156 - 16.350 ms[39m
[35m[39m
2023-03-02 20:17:10:1710 [35mhttp[39m: [35m::1 DELETE /api/v1/product/all 404 160 - 563.709 ms[39m
[35m[39m
2023-03-02 20:17:20:1720 [35mhttp[39m: [35m::1 GET /api/v1/product/all 200 498 - 4506.318 ms[39m
[35m[39m
2023-03-02 20:17:52:1752 [35mhttp[39m: [35m::1 PUT /api/v1/product/update/63ff3ae3e9206876844aa30b 500 730 - 634.639 ms[39m
[35m[39m
2023-03-02 20:23:21:2321 [35mhttp[39m: [35m::1 PUT /api/v1/product/update/63ff3ae3e9206876844aa30b 500 730 - 5523.979 ms[39m
[35m[39m
2023-03-02 20:23:46:2346 [35mhttp[39m: [35m::1 GET /api/v1/product/all 200 498 - 2458.180 ms[39m
[35m[39m
2023-03-02 20:24:32:2432 [35mhttp[39m: [35m::1 PUT /api/v1/product/update/63ff3c2bba795306649c2d8f 500 730 - 13.121 ms[39m
[35m[39m
2023-03-02 20:27:07:277 [35mhttp[39m: [35m::1 GET /api/v1/product/all 200 498 - 31.965 ms[39m
[35m[39m
2023-03-02 20:28:21:2821 [35mhttp[39m: [35m::1 GET /api/v1/customer/all 200 491 - 36.034 ms[39m
[35m[39m
2023-03-02 20:31:50:3150 [35mhttp[39m: [35m::1 POST /api/v1/treatment/create 400 1144 - 281.794 ms[39m
[35m[39m
2023-03-02 20:32:09:329 [35mhttp[39m: [35m::1 POST /api/v1/treatment/create 201 297 - 875.553 ms[39m
[35m[39m
2023-03-02 20:32:21:3221 [35mhttp[39m: [35m::1 POST /api/v1/treatment/create 201 297 - 116.235 ms[39m
[35m[39m
2023-03-02 20:32:27:3227 [35mhttp[39m: [35m::1 POST /api/v1/treatment/all 404 160 - 2.500 ms[39m
[35m[39m
2023-03-02 20:32:32:3232 [35mhttp[39m: [35m::1 GET /api/v1/treatment/all 200 544 - 33.863 ms[39m
[35m[39m
2023-03-02 20:33:00:330 [35mhttp[39m: [35m::1 PUT /api/v1/treatment/update/6400a5650a90c3338951baab 500 777 - 12.841 ms[39m
[35m[39m
2023-03-02 20:33:33:3333 [35mhttp[39m: [35m::1 DELETE /api/v1/treatment/delete/6400a5650a90c3338951baab 500 492 - 5.131 ms[39m
[35m[39m
2023-03-02 20:35:43:3543 [35mhttp[39m: [35m::1 PUT /api/v1/customer/update/63ff37f32b677096212c856a 200 275 - 673.606 ms[39m
[35m[39m
2023-03-02 20:39:50:3950 [35mhttp[39m: [35m::1 DELETE /api/v1/treatment/delete/6400a5650a90c3338951baab 500 488 - 1708.028 ms[39m
[35m[39m
2023-03-02 20:40:12:4012 [35mhttp[39m: [35m::1 PUT /api/v1/treatment/all 404 159 - 5.280 ms[39m
[35m[39m
2023-03-02 20:40:20:4020 [35mhttp[39m: [35m::1 GET /api/v1/treatment/all 200 544 - 810.010 ms[39m
[35m[39m
2023-03-02 20:40:41:4041 [35mhttp[39m: [35m::1 PUT /api/v1/treatment/update/6400a5650a90c3338951baab 500 699 - 302.668 ms[39m
[35m[39m
2023-03-02 20:41:48:4148 [35mhttp[39m: [35m::1 PUT /api/v1/customer/update/63ff37f32b677096212c856a 200 282 - 1021.886 ms[39m
[35m[39m
2023-03-02 20:41:59:4159 [35mhttp[39m: [35m::1 PUT /api/v1/treatment/update/6400a5650a90c3338951baab 500 699 - 34.769 ms[39m
[35m[39m
2023-03-02 20:46:11:4611 [35mhttp[39m: [35m::1 PUT /api/v1/treatment/update/6400a5650a90c3338951baab 200 297 - 2850.659 ms[39m
[35m[39m
2023-03-02 20:49:44:4944 [35mhttp[39m: [35m::1 PUT /api/v1/customer/update/63ff37f32b677096212c856a 500 730 - 3905.480 ms[39m
[35m[39m
2023-03-19 12:50:42:5042 [35mhttp[39m: [35m::1 OPTIONS /api/v1/auth/login 204 0 - 91.588 ms[39m
[35m[39m
2023-03-19 12:50:45:5045 [35mhttp[39m: [35m::1 POST /api/v1/auth/login 200 268 - 2878.516 ms[39m
[35m[39m
2023-03-19 12:51:21:5121 [35mhttp[39m: [35m::1 OPTIONS /api/v1/banner/all 204 0 - 1.117 ms[39m
[35m[39m
2023-03-19 12:51:22:5122 [35mhttp[39m: [35m::1 GET /api/v1/banner/all - - - - ms[39m
[35m[39m
2023-03-19 12:51:30:5130 [35mhttp[39m: [35m::1 OPTIONS /api/v1/banner/all 204 0 - 15.984 ms[39m
[35m[39m
2023-03-19 12:51:30:5130 [35mhttp[39m: [35m::1 GET /api/v1/banner/all 404 30 - 30.480 ms[39m
[35m[39m
2023-03-19 12:52:07:527 [35mhttp[39m: [35m::1 OPTIONS /api/v1/product/all 204 0 - 0.452 ms[39m
[35m[39m
2023-03-19 12:52:07:527 [35mhttp[39m: [35m::1 GET /api/v1/product/all 200 1735 - 191.919 ms[39m
[35m[39m
2023-03-19 12:52:08:528 [35mhttp[39m: [35m::1 GET /api/v1/uploaded/WhatsApp%20Image%202023-02-27%20at%2013.29.46.jpeg 404 205 - 379.377 ms[39m
[35m[39m
2023-03-19 12:52:08:528 [35mhttp[39m: [35m::1 GET /api/v1/uploaded/WhatsApp%20Image%202023-02-27%20at%2013.29.45.jpeg 404 205 - 185.441 ms[39m
[35m[39m
2023-03-19 12:52:08:528 [35mhttp[39m: [35m::1 GET /api/v1/uploaded/WhatsApp%20Image%202023-02-27%20at%2013.29.43.jpeg 404 205 - 186.021 ms[39m
[35m[39m
2023-03-19 12:52:08:528 [35mhttp[39m: [35m::1 GET /api/v1/uploaded/WhatsApp%20Image%202023-02-27%20at%2013.29.47%20(1).jpeg 404 211 - 216.994 ms[39m
[35m[39m
2023-03-19 12:52:08:528 [35mhttp[39m: [35m::1 GET /api/v1/uploaded/WhatsApp%20Image%202023-02-27%20at%2013.29.44%20(1).jpeg 404 211 - 227.405 ms[39m
[35m[39m
2023-03-19 12:52:08:528 [35mhttp[39m: [35m::1 GET /api/v1/uploaded/WhatsApp%20Image%202023-02-27%20at%2013.29.44.jpeg 404 205 - 254.615 ms[39m
[35m[39m
2023-03-19 12:52:20:5220 [35mhttp[39m: [35m::1 OPTIONS /api/v1/customer/all 204 0 - 35.783 ms[39m
[35m[39m
2023-03-19 12:52:21:5221 [35mhttp[39m: [35m::1 GET /api/v1/customer/all 200 1318 - 55.573 ms[39m
[35m[39m
2023-03-19 12:52:31:5231 [35mhttp[39m: [35m::1 OPTIONS /api/v1/customer/all 204 0 - 0.442 ms[39m
[35m[39m
2023-03-19 12:52:31:5231 [35mhttp[39m: [35m::1 GET /api/v1/customer/all 304 - - 35.756 ms[39m
[35m[39m
2023-03-19 12:52:37:5237 [35mhttp[39m: [35m::1 OPTIONS /api/v1/product/all 204 0 - 0.364 ms[39m
[35m[39m
2023-03-19 12:52:37:5237 [35mhttp[39m: [35m::1 GET /api/v1/product/all 304 - - 175.673 ms[39m
[35m[39m
2023-03-19 12:52:37:5237 [35mhttp[39m: [35m::1 GET /api/v1/uploaded/WhatsApp%20Image%202023-02-27%20at%2013.29.46.jpeg 404 205 - 18.982 ms[39m
[35m[39m
2023-03-19 12:52:37:5237 [35mhttp[39m: [35m::1 GET /api/v1/uploaded/WhatsApp%20Image%202023-02-27%20at%2013.29.45.jpeg 404 205 - 35.227 ms[39m
[35m[39m
2023-03-19 12:52:37:5237 [35mhttp[39m: [35m::1 GET /api/v1/uploaded/WhatsApp%20Image%202023-02-27%20at%2013.29.43.jpeg 404 205 - 43.174 ms[39m
[35m[39m
2023-03-19 12:52:37:5237 [35mhttp[39m: [35m::1 GET /api/v1/uploaded/WhatsApp%20Image%202023-02-27%20at%2013.29.47%20(1).jpeg 404 211 - 45.971 ms[39m
[35m[39m
2023-03-19 12:52:37:5237 [35mhttp[39m: [35m::1 GET /api/v1/uploaded/WhatsApp%20Image%202023-02-27%20at%2013.29.44.jpeg 404 205 - 44.446 ms[39m
[35m[39m
2023-03-19 12:52:37:5237 [35mhttp[39m: [35m::1 GET /api/v1/uploaded/WhatsApp%20Image%202023-02-27%20at%2013.29.44%20(1).jpeg 404 211 - 47.537 ms[39m
[35m[39m
2023-03-19 12:52:40:5240 [35mhttp[39m: [35m::1 OPTIONS /api/v1/product/delete/640fb2d2c2372a382bda6b9a 204 0 - 0.316 ms[39m
[35m[39m
2023-03-19 12:52:40:5240 [35mhttp[39m: [35m::1 DELETE /api/v1/product/delete/640fb2d2c2372a382bda6b9a 500 479 - 374.497 ms[39m
[35m[39m
2023-03-19 12:52:46:5246 [35mhttp[39m: [35m::1 OPTIONS /api/v1/product/delete/640743203c0b7a15bccbcf21 204 0 - 0.291 ms[39m
[35m[39m
2023-03-19 12:52:46:5246 [35mhttp[39m: [35m::1 DELETE /api/v1/product/delete/640743203c0b7a15bccbcf21 500 497 - 9.519 ms[39m
[35m[39m
2023-03-19 12:52:50:5250 [35mhttp[39m: [35m::1 OPTIONS /api/v1/product/delete/6406beb459715008e8816f92 204 0 - 0.600 ms[39m
[35m[39m
2023-03-19 12:52:50:5250 [35mhttp[39m: [35m::1 DELETE /api/v1/product/delete/6406beb459715008e8816f92 500 482 - 4.888 ms[39m
[35m[39m
2023-03-19 12:52:53:5253 [35mhttp[39m: [35m::1 OPTIONS /api/v1/product/delete/6406aff859715008e8816f91 204 0 - 1.209 ms[39m
[35m[39m
2023-03-19 12:52:53:5253 [35mhttp[39m: [35m::1 DELETE /api/v1/product/delete/6406aff859715008e8816f91 500 482 - 4.058 ms[39m
[35m[39m
2023-03-19 12:52:57:5257 [35mhttp[39m: [35m::1 OPTIONS /api/v1/product/delete/6406aebe59715008e8816f90 204 0 - 0.404 ms[39m
[35m[39m
2023-03-19 12:52:57:5257 [35mhttp[39m: [35m::1 DELETE /api/v1/product/delete/6406aebe59715008e8816f90 500 482 - 11.872 ms[39m
[35m[39m
2023-03-19 12:53:01:531 [35mhttp[39m: [35m::1 OPTIONS /api/v1/product/delete/6406ac0f59715008e8816f8f 204 0 - 0.272 ms[39m
[35m[39m
2023-03-19 12:53:01:531 [35mhttp[39m: [35m::1 DELETE /api/v1/product/delete/6406ac0f59715008e8816f8f 500 482 - 4.852 ms[39m
[35m[39m
2023-03-19 12:53:11:5311 [35mhttp[39m: [35m::1 OPTIONS /api/v1/product/all 204 0 - 0.307 ms[39m
[35m[39m
2023-03-19 12:53:11:5311 [35mhttp[39m: [35m::1 GET /api/v1/product/all 304 - - 31.069 ms[39m
[35m[39m
2023-03-19 12:53:11:5311 [35mhttp[39m: [35m::1 GET /api/v1/uploaded/WhatsApp%20Image%202023-02-27%20at%2013.29.46.jpeg 404 205 - 1.825 ms[39m
[35m[39m
2023-03-19 12:53:11:5311 [35mhttp[39m: [35m::1 GET /api/v1/uploaded/WhatsApp%20Image%202023-02-27%20at%2013.29.45.jpeg 404 205 - 32.135 ms[39m
[35m[39m
2023-03-19 12:53:11:5311 [35mhttp[39m: [35m::1 GET /api/v1/uploaded/WhatsApp%20Image%202023-02-27%20at%2013.29.43.jpeg 404 205 - 83.843 ms[39m
[35m[39m
2023-03-19 12:53:11:5311 [35mhttp[39m: [35m::1 GET /api/v1/uploaded/WhatsApp%20Image%202023-02-27%20at%2013.29.47%20(1).jpeg 404 211 - 73.842 ms[39m
[35m[39m
2023-03-19 12:53:11:5311 [35mhttp[39m: [35m::1 GET /api/v1/uploaded/WhatsApp%20Image%202023-02-27%20at%2013.29.44%20(1).jpeg 404 211 - 19.506 ms[39m
[35m[39m
2023-03-19 12:53:12:5312 [35mhttp[39m: [35m::1 GET /api/v1/uploaded/WhatsApp%20Image%202023-02-27%20at%2013.29.44.jpeg 404 205 - 28.382 ms[39m
[35m[39m
2023-03-19 12:55:56:5556 [35mhttp[39m: [35m::1 POST /api/v1/upload/image 200 81 - 5758.102 ms[39m
[35m[39m
2023-03-19 12:56:20:5620 [35mhttp[39m: [35m::1 OPTIONS /api/v1/product/create 204 0 - 0.299 ms[39m
[35m[39m
2023-03-19 12:56:29:5629 [35mhttp[39m: [35m::1 POST /api/v1/product/create 201 297 - 9030.466 ms[39m
[35m[39m
2023-03-19 12:56:50:5650 [35mhttp[39m: [35m::1 OPTIONS /api/v1/product/all 204 0 - 0.415 ms[39m
[35m[39m
2023-03-19 12:56:50:5650 [35mhttp[39m: [35m::1 GET /api/v1/product/all 200 1982 - 66.695 ms[39m
[35m[39m
2023-03-19 12:56:51:5651 [35mhttp[39m: [35m::1 GET /api/v1/uploaded/WhatsApp%20Image%202023-02-27%20at%2013.29.46.jpeg 404 205 - 163.909 ms[39m
[35m[39m
2023-03-19 12:56:51:5651 [35mhttp[39m: [35m::1 GET /api/v1/uploaded/WhatsApp%20Image%202023-02-27%20at%2013.29.45.jpeg 404 205 - 186.604 ms[39m
[35m[39m
2023-03-19 12:56:51:5651 [35mhttp[39m: [35m::1 GET /api/v1/uploaded/WhatsApp%20Image%202023-02-27%20at%2013.29.43.jpeg 404 205 - 192.979 ms[39m
[35m[39m
2023-03-19 12:56:51:5651 [35mhttp[39m: [35m::1 GET /api/v1/uploaded/WhatsApp%20Image%202023-02-27%20at%2013.29.47%20(1).jpeg 404 211 - 205.635 ms[39m
[35m[39m
2023-03-19 12:56:51:5651 [35mhttp[39m: [35m::1 GET /api/v1/uploaded/WhatsApp%20Image%202023-02-27%20at%2013.29.44%20(1).jpeg 404 211 - 227.488 ms[39m
[35m[39m
2023-03-19 12:56:51:5651 [35mhttp[39m: [35m::1 GET /api/v1/uploaded/WhatsApp%20Image%202023-02-27%20at%2013.29.44.jpeg 404 205 - 144.874 ms[39m
[35m[39m
2023-03-19 12:56:52:5652 [35mhttp[39m: [35m::1 GET /api/v1/uploaded/produkss.jpeg 200 90482 - 666.322 ms[39m
[35m[39m
2023-03-19 12:58:29:5829 [35mhttp[39m: [35m::1 OPTIONS /api/v1/product/delete/640743203c0b7a15bccbcf21 204 0 - 3.612 ms[39m
[35m[39m
2023-03-19 12:58:37:5837 [35mhttp[39m: [35m::1 DELETE /api/v1/product/delete/640743203c0b7a15bccbcf21 200 343 - 8549.966 ms[39m
[35m[39m
2023-03-19 12:58:48:5848 [35mhttp[39m: [35m::1 OPTIONS /api/v1/product/all 204 0 - 0.817 ms[39m
[35m[39m
2023-03-19 12:58:48:5848 [35mhttp[39m: [35m::1 GET /api/v1/product/all 200 1689 - 552.677 ms[39m
[35m[39m
2023-03-19 12:58:49:5849 [35mhttp[39m: [35m::1 GET /api/v1/uploaded/WhatsApp%20Image%202023-02-27%20at%2013.29.46.jpeg 404 205 - 17.757 ms[39m
[35m[39m
2023-03-19 12:58:49:5849 [35mhttp[39m: [35m::1 GET /api/v1/uploaded/WhatsApp%20Image%202023-02-27%20at%2013.29.47%20(1).jpeg 404 211 - 33.226 ms[39m
[35m[39m
2023-03-19 12:58:49:5849 [35mhttp[39m: [35m::1 GET /api/v1/uploaded/WhatsApp%20Image%202023-02-27%20at%2013.29.43.jpeg 404 205 - 61.891 ms[39m
[35m[39m
2023-03-19 12:58:49:5849 [35mhttp[39m: [35m::1 GET /api/v1/uploaded/produkss.jpeg 304 - - 4.835 ms[39m
[35m[39m
2023-03-19 12:58:49:5849 [35mhttp[39m: [35m::1 GET /api/v1/uploaded/WhatsApp%20Image%202023-02-27%20at%2013.29.45.jpeg 404 205 - 165.607 ms[39m
[35m[39m
2023-03-19 12:58:49:5849 [35mhttp[39m: [35m::1 GET /api/v1/uploaded/WhatsApp%20Image%202023-02-27%20at%2013.29.44.jpeg 404 205 - 158.578 ms[39m
[35m[39m
2023-03-19 13:00:17:017 [35mhttp[39m: [35m::1 OPTIONS /api/v1/product/delete/640fb2d2c2372a382bda6b9a 204 0 - 0.396 ms[39m
[35m[39m
2023-03-19 13:00:17:017 [35mhttp[39m: [35m::1 DELETE /api/v1/product/delete/640fb2d2c2372a382bda6b9a 200 333 - 105.909 ms[39m
[35m[39m
2023-03-19 13:00:23:023 [35mhttp[39m: [35m::1 OPTIONS /api/v1/product/delete/6406beb459715008e8816f92 204 0 - 0.291 ms[39m
[35m[39m
2023-03-19 13:00:23:023 [35mhttp[39m: [35m::1 DELETE /api/v1/product/delete/6406beb459715008e8816f92 200 336 - 115.757 ms[39m
[35m[39m
2023-03-19 13:00:28:028 [35mhttp[39m: [35m::1 OPTIONS /api/v1/product/delete/6406aff859715008e8816f91 204 0 - 0.294 ms[39m
[35m[39m
2023-03-19 13:00:29:029 [35mhttp[39m: [35m::1 DELETE /api/v1/product/delete/6406aff859715008e8816f91 200 320 - 133.388 ms[39m
[35m[39m
2023-03-19 13:00:33:033 [35mhttp[39m: [35m::1 OPTIONS /api/v1/product/delete/6406aebe59715008e8816f90 204 0 - 0.355 ms[39m
[35m[39m
2023-03-19 13:00:33:033 [35mhttp[39m: [35m::1 DELETE /api/v1/product/delete/6406aebe59715008e8816f90 200 328 - 436.841 ms[39m
[35m[39m
2023-03-19 13:00:37:037 [35mhttp[39m: [35m::1 OPTIONS /api/v1/product/delete/6406ac0f59715008e8816f8f 204 0 - 0.303 ms[39m
[35m[39m
2023-03-19 13:00:37:037 [35mhttp[39m: [35m::1 DELETE /api/v1/product/delete/6406ac0f59715008e8816f8f 200 323 - 150.514 ms[39m
[35m[39m
2023-03-19 13:00:46:046 [35mhttp[39m: [35m::1 OPTIONS /api/v1/product/all 204 0 - 0.405 ms[39m
[35m[39m
2023-03-19 13:00:46:046 [35mhttp[39m: [35m::1 GET /api/v1/product/all 200 299 - 75.939 ms[39m
[35m[39m
2023-03-19 13:00:47:047 [35mhttp[39m: [35m::1 GET /api/v1/uploaded/produkss.jpeg 304 - - 1.478 ms[39m
[35m[39m
2023-03-19 13:03:31:331 [35mhttp[39m: [35m::1 OPTIONS /api/v1/dashboard/counter/all 204 0 - 0.415 ms[39m
[35m[39m
2023-03-19 13:03:32:332 [35mhttp[39m: [35m::1 GET /api/v1/dashboard/counter/all 200 145 - 482.297 ms[39m
[35m[39m
2023-03-19 13:03:32:332 [35mhttp[39m: [35m::1 GET /api/v1/dashboard/counter/all 304 - - 132.756 ms[39m
[35m[39m
2023-03-19 13:04:02:42 [35mhttp[39m: [35m::1 OPTIONS /api/v1/customer/all 204 0 - 0.890 ms[39m
[35m[39m
2023-03-19 13:04:02:42 [35mhttp[39m: [35m::1 GET /api/v1/customer/all 304 - - 49.399 ms[39m
[35m[39m
2023-03-19 13:04:07:47 [35mhttp[39m: [35m::1 OPTIONS /api/v1/customer/delete/undefined 204 0 - 0.387 ms[39m
[35m[39m
2023-03-19 13:04:08:48 [35mhttp[39m: [35m::1 DELETE /api/v1/customer/delete/undefined 500 459 - 183.485 ms[39m
[35m[39m
2023-03-19 13:04:20:420 [35mhttp[39m: [35m::1 OPTIONS /api/v1/customer/all 204 0 - 0.331 ms[39m
[35m[39m
2023-03-19 13:04:21:421 [35mhttp[39m: [35m::1 GET /api/v1/customer/all 304 - - 107.739 ms[39m
[35m[39m
2023-03-19 13:04:36:436 [35mhttp[39m: [35m::1 OPTIONS /api/v1/dashboard/counter/all 204 0 - 0.388 ms[39m
[35m[39m
2023-03-19 13:04:36:436 [35mhttp[39m: [35m::1 GET /api/v1/dashboard/counter/all 304 - - 133.487 ms[39m
[35m[39m
2023-03-19 13:04:36:436 [35mhttp[39m: [35m::1 GET /api/v1/dashboard/counter/all 304 - - 103.859 ms[39m
[35m[39m
2023-03-19 13:05:13:513 [35mhttp[39m: [35m::1 OPTIONS /api/v1/dashboard/counter/all 204 0 - 0.434 ms[39m
[35m[39m
2023-03-19 13:05:13:513 [35mhttp[39m: [35m::1 GET /api/v1/dashboard/counter/all 304 - - 244.806 ms[39m
[35m[39m
2023-03-19 13:05:14:514 [35mhttp[39m: [35m::1 GET /api/v1/dashboard/counter/all 304 - - 253.293 ms[39m
[35m[39m
2023-03-19 13:05:35:535 [35mhttp[39m: [35m::1 OPTIONS /api/v1/product/all 204 0 - 0.503 ms[39m
[35m[39m
2023-03-19 13:05:35:535 [35mhttp[39m: [35m::1 GET /api/v1/product/all 304 - - 28.584 ms[39m
[35m[39m
2023-03-19 13:05:35:535 [35mhttp[39m: [35m::1 GET /api/v1/uploaded/produkss.jpeg 304 - - 1.343 ms[39m
[35m[39m
2023-03-19 13:06:09:69 [35mhttp[39m: [35m::1 OPTIONS /api/v1/product/all 204 0 - 2.122 ms[39m
[35m[39m
2023-03-19 13:06:09:69 [35mhttp[39m: [35m::1 GET /api/v1/product/all 304 - - 33.144 ms[39m
[35m[39m
2023-03-19 13:06:09:69 [35mhttp[39m: [35m::1 GET /api/v1/uploaded/produkss.jpeg 304 - - 1.598 ms[39m
[35m[39m
2023-03-19 13:08:02:82 [35mhttp[39m: [35m::1 OPTIONS /api/v1/product/all 204 0 - 0.256 ms[39m
[35m[39m
2023-03-19 13:08:02:82 [35mhttp[39m: [35m::1 GET /api/v1/product/all 304 - - 86.636 ms[39m
[35m[39m
2023-03-19 13:08:02:82 [35mhttp[39m: [35m::1 GET /api/v1/uploaded/produkss.jpeg 304 - - 1.347 ms[39m
[35m[39m
